Vivado Simulator v2025.2
Copyright 1986-2022 Xilinx, Inc. All Rights Reserved.
Copyright 2022-2025 Advanced Micro Devices, Inc. All Rights Reserved.
Running: C:/AMDDesignTools/2025.2/Vivado/bin/unwrapped/win64.o/xelab.exe --incr --debug typical --relax --mt 2 -L xil_defaultlib -L unisims_ver -L unimacro_ver -L secureip --snapshot soc_soh_tb_behav xil_defaultlib.soc_soh_tb xil_defaultlib.glbl -log elaborate.log 
Using 2 slave threads.
Starting static elaboration
Pass Through NonSizing Optimizer
Completed static elaboration
Starting simulation data flow analysis
WARNING: [XSIM 43-4099] "D:/Projects/Universal Joint SoC–SoH Estimation Architecture on FPGA/Universal Joint SoC–SoH Estimation Architecture on FPGA/rtl/soc_soh/soc_soh.srcs/sources_1/new/top_universal_soc_soh.v" Line 1. Module top_universal_soc_soh doesn't have a timescale but at least one module in design has a timescale.
WARNING: [XSIM 43-4099] "D:/Projects/Universal Joint SoC–SoH Estimation Architecture on FPGA/Universal Joint SoC–SoH Estimation Architecture on FPGA/rtl/soc_soh/soc_soh.srcs/sources_1/new/parameter_bank.v" Line 1. Module parameter_bank doesn't have a timescale but at least one module in design has a timescale.
WARNING: [XSIM 43-4099] "D:/Projects/Universal Joint SoC–SoH Estimation Architecture on FPGA/Universal Joint SoC–SoH Estimation Architecture on FPGA/rtl/soc_soh/soc_soh.srcs/sources_1/new/coulomb_counter.v" Line 1. Module coulomb_counter doesn't have a timescale but at least one module in design has a timescale.
WARNING: [XSIM 43-4099] "D:/Projects/Universal Joint SoC–SoH Estimation Architecture on FPGA/Universal Joint SoC–SoH Estimation Architecture on FPGA/rtl/soc_soh/soc_soh.srcs/sources_1/new/qmult.v" Line 1. Module qmult doesn't have a timescale but at least one module in design has a timescale.
WARNING: [XSIM 43-4099] "D:/Projects/Universal Joint SoC–SoH Estimation Architecture on FPGA/Universal Joint SoC–SoH Estimation Architecture on FPGA/rtl/soc_soh/soc_soh.srcs/sources_1/new/qmult.v" Line 1. Module qmult doesn't have a timescale but at least one module in design has a timescale.
WARNING: [XSIM 43-4099] "D:/Projects/Universal Joint SoC–SoH Estimation Architecture on FPGA/Universal Joint SoC–SoH Estimation Architecture on FPGA/rtl/soc_soh/soc_soh.srcs/sources_1/new/battery_state_model.v" Line 1. Module battery_state_model doesn't have a timescale but at least one module in design has a timescale.
WARNING: [XSIM 43-4099] "D:/Projects/Universal Joint SoC–SoH Estimation Architecture on FPGA/Universal Joint SoC–SoH Estimation Architecture on FPGA/rtl/soc_soh/soc_soh.srcs/sources_1/new/qmult.v" Line 1. Module qmult doesn't have a timescale but at least one module in design has a timescale.
WARNING: [XSIM 43-4099] "D:/Projects/Universal Joint SoC–SoH Estimation Architecture on FPGA/Universal Joint SoC–SoH Estimation Architecture on FPGA/rtl/soc_soh/soc_soh.srcs/sources_1/new/qmult.v" Line 1. Module qmult doesn't have a timescale but at least one module in design has a timescale.
WARNING: [XSIM 43-4099] "D:/Projects/Universal Joint SoC–SoH Estimation Architecture on FPGA/Universal Joint SoC–SoH Estimation Architecture on FPGA/rtl/soc_soh/soc_soh.srcs/sources_1/new/ocv_lut_manager.v" Line 1. Module ocv_lut_manager doesn't have a timescale but at least one module in design has a timescale.
WARNING: [XSIM 43-4099] "D:/Projects/Universal Joint SoC–SoH Estimation Architecture on FPGA/Universal Joint SoC–SoH Estimation Architecture on FPGA/rtl/soc_soh/soc_soh.srcs/sources_1/new/qmult.v" Line 1. Module qmult doesn't have a timescale but at least one module in design has a timescale.
WARNING: [XSIM 43-4099] "D:/Projects/Universal Joint SoC–SoH Estimation Architecture on FPGA/Universal Joint SoC–SoH Estimation Architecture on FPGA/rtl/soc_soh/soc_soh.srcs/sources_1/new/qmult.v" Line 1. Module qmult doesn't have a timescale but at least one module in design has a timescale.
WARNING: [XSIM 43-4099] "D:/Projects/Universal Joint SoC–SoH Estimation Architecture on FPGA/Universal Joint SoC–SoH Estimation Architecture on FPGA/rtl/soc_soh/soc_soh.srcs/sources_1/new/qmult.v" Line 1. Module qmult doesn't have a timescale but at least one module in design has a timescale.
WARNING: [XSIM 43-4099] "D:/Projects/Universal Joint SoC–SoH Estimation Architecture on FPGA/Universal Joint SoC–SoH Estimation Architecture on FPGA/rtl/soc_soh/soc_soh.srcs/sources_1/new/battery_voltage_model.v" Line 1. Module battery_voltage_model doesn't have a timescale but at least one module in design has a timescale.
WARNING: [XSIM 43-4099] "D:/Projects/Universal Joint SoC–SoH Estimation Architecture on FPGA/Universal Joint SoC–SoH Estimation Architecture on FPGA/rtl/soc_soh/soc_soh.srcs/sources_1/new/qmult.v" Line 1. Module qmult doesn't have a timescale but at least one module in design has a timescale.
Completed simulation data flow analysis
Time Resolution for simulation is 1ps
Compiling module xil_defaultlib.parameter_bank
Compiling module xil_defaultlib.qmult
Compiling module xil_defaultlib.coulomb_counter
Compiling module xil_defaultlib.battery_state_model
Compiling module xil_defaultlib.ocv_lut_manager
Compiling module xil_defaultlib.battery_voltage_model
Compiling module xil_defaultlib.top_universal_soc_soh
Compiling module xil_defaultlib.soc_soh_tb
Compiling module xil_defaultlib.glbl
Built simulation snapshot soc_soh_tb_behav
